<?xml version="1.0" encoding="UTF-8"?>
<!-- Generated by org.testng.reporters.JUnitReportReporter -->
<testsuite hostname="DESKTOP-9EUEAEG" failures="0" tests="8" name="TestNGAnnotation.apachePoi" time="7.729" errors="0" timestamp="2024-08-26T11:02:54 IST" skipped="0">
  <testcase classname="TestNGAnnotation.apachePoi" name="openUrl" time="7.026"/>
  <system-out/>
  <testcase classname="TestNGAnnotation.apachePoi" name="firstName" time="0.163"/>
  <system-out/>
  <testcase classname="TestNGAnnotation.apachePoi" name="email" time="0.142"/>
  <system-out/>
  <testcase classname="TestNGAnnotation.apachePoi" name="gender" time="0.053"/>
  <system-out/>
  <testcase classname="TestNGAnnotation.apachePoi" name="phone" time="0.092"/>
  <system-out/>
  <testcase classname="TestNGAnnotation.apachePoi" name="dob" time="0.090"/>
  <system-out/>
  <testcase classname="TestNGAnnotation.apachePoi" name="subjects" time="0.092"/>
  <system-out/>
  <testcase classname="TestNGAnnotation.apachePoi" name="hobby" time="0.071"/>
  <system-out/>
</testsuite> <!-- TestNGAnnotation.apachePoi -->
