<?xml version="1.0" encoding="UTF-8"?>
<!-- Generated by org.testng.reporters.JUnitReportReporter -->
<testsuite hostname="DESKTOP-9EUEAEG" failures="0" tests="3" name="TestNGAnnotation.TestNGAnnotations" time="0.015" errors="0" timestamp="2024-08-20T23:38:01 IST" skipped="0">
  <testcase classname="TestNGAnnotation.TestNGAnnotations" name="Test2" time="0.012"/>
  <system-out/>
  <testcase classname="TestNGAnnotation.TestNGAnnotations" name="Test1" time="0.002"/>
  <system-out/>
  <testcase classname="TestNGAnnotation.TestNGAnnotations" name="Test" time="0.001"/>
  <system-out/>
</testsuite> <!-- TestNGAnnotation.TestNGAnnotations -->
