<?xml version="1.0" encoding="UTF-8"?>
<!-- Generated by org.testng.reporters.JUnitReportReporter -->
<testsuite hostname="DESKTOP-9EUEAEG" failures="0" tests="2" name="TestNGAnnotation.DataProviderTest" time="0.084" errors="0" timestamp="2024-08-21T10:03:50 IST" skipped="0">
  <testcase classname="TestNGAnnotation.DataProviderTest" name="fun" time="0.080"/>
  <system-out/>
  <testcase classname="TestNGAnnotation.DataProviderTest" name="fun" time="0.004"/>
  <system-out/>
</testsuite> <!-- TestNGAnnotation.DataProviderTest -->
