<?xml version="1.0" encoding="UTF-8"?>
<!-- Generated by org.testng.reporters.JUnitReportReporter -->
<testsuite hostname="DESKTOP-9EUEAEG" failures="0" tests="3" name="AllAnnotationsTest" time="0.013" errors="0" timestamp="2024-08-20T18:42:48 IST" skipped="0">
  <testcase classname="AllAnnotationsTest" name="Testa" time="0.001"/>
  <system-out/>
  <testcase classname="AllAnnotationsTest" name="Test" time="0.009"/>
  <system-out/>
  <testcase classname="AllAnnotationsTest" name="Testb" time="0.003"/>
  <system-out/>
</testsuite> <!-- AllAnnotationsTest -->
